2013/10/12 09:36:36 [error] [exception.CDbException] exception 'CDbException' with message 'CDbConnection failed to open the DB connection: SQLSTATE[HY000] [2002] No such file or directory' in /Users/redflag/Sites/orius/yii/framework/db/CDbConnection.php:382
Stack trace:
#0 /Users/redflag/Sites/orius/yii/framework/db/CDbConnection.php(330): CDbConnection->open()
#1 /Users/redflag/Sites/orius/yii/framework/db/CDbConnection.php(308): CDbConnection->setActive(true)
#2 /Users/redflag/Sites/orius/yii/framework/base/CModule.php(387): CDbConnection->init()
#3 /Users/redflag/Sites/orius/yii/framework/base/CModule.php(103): CModule->getComponent('db')
#4 /Users/redflag/Sites/orius/yii/framework/gii/generators/model/ModelCode.php(60): CModule->__get('db')
#5 /Users/redflag/Sites/orius/yii/framework/web/CFormModel.php(39): ModelCode->init()
#6 /Users/redflag/Sites/orius/yii/framework/gii/CCodeGenerator.php(153): CFormModel->__construct()
#7 /Users/redflag/Sites/orius/yii/framework/gii/CCodeGenerator.php(63): CCodeGenerator->prepare()
#8 /Users/redflag/Sites/orius/yii/framework/web/actions/CInlineAction.php(49): CCodeGenerator->actionIndex()
#9 /Users/redflag/Sites/orius/yii/framework/web/CController.php(308): CInlineAction->runWithParams(Array)
#10 /Users/redflag/Sites/orius/yii/framework/web/CController.php(286): CController->runAction(Object(CInlineAction))
#11 /Users/redflag/Sites/orius/yii/framework/web/CController.php(265): CController->runActionWithFilters(Object(CInlineAction), Array)
#12 /Users/redflag/Sites/orius/yii/framework/web/CWebApplication.php(282): CController->run('index')
#13 /Users/redflag/Sites/orius/yii/framework/web/CWebApplication.php(141): CWebApplication->runController('gii/model/index')
#14 /Users/redflag/Sites/orius/yii/framework/base/CApplication.php(180): CWebApplication->processRequest()
#15 /Users/redflag/Sites/orius/pcs/index.php(13): CApplication->run()
#16 {main}
REQUEST_URI=/orius/pcs/index.php?r=gii/model/index
HTTP_REFERER=http://localhost/orius/pcs/index.php?r=gii/default/index
---
2013/10/12 15:59:39 [error] [php] Trying to get property of non-object (/Users/redflag/Sites/orius/pcs/themes/bootstrap-orius/views/site/index.php:63)
Stack trace:
#0 /Users/redflag/Sites/orius/yii/framework/web/CController.php(869): SiteController->renderFile()
#1 /Users/redflag/Sites/orius/yii/framework/web/CController.php(782): SiteController->renderPartial()
#2 /Users/redflag/Sites/orius/pcs/protected/controllers/SiteController.php(39): SiteController->render()
#3 /Users/redflag/Sites/orius/yii/framework/web/actions/CInlineAction.php(49): SiteController->actionIndex()
#4 /Users/redflag/Sites/orius/yii/framework/web/CController.php(308): CInlineAction->runWithParams()
#5 /Users/redflag/Sites/orius/yii/framework/web/CController.php(286): SiteController->runAction()
#6 /Users/redflag/Sites/orius/yii/framework/web/CController.php(265): SiteController->runActionWithFilters()
#7 /Users/redflag/Sites/orius/yii/framework/web/CWebApplication.php(282): SiteController->run()
#8 /Users/redflag/Sites/orius/yii/framework/web/CWebApplication.php(141): CWebApplication->runController()
#9 /Users/redflag/Sites/orius/yii/framework/base/CApplication.php(180): CWebApplication->processRequest()
#10 /Users/redflag/Sites/orius/pcs/index.php(13): CWebApplication->run()
REQUEST_URI=/orius/pcs/
in /Users/redflag/Sites/orius/pcs/themes/bootstrap-orius/views/site/index.php (63)
in /Users/redflag/Sites/orius/pcs/protected/controllers/SiteController.php (39)
in /Users/redflag/Sites/orius/pcs/index.php (13)
2013/10/12 15:59:57 [error] [php] Trying to get property of non-object (/Users/redflag/Sites/orius/pcs/themes/bootstrap-orius/views/site/index.php:63)
Stack trace:
#0 /Users/redflag/Sites/orius/yii/framework/web/CController.php(869): SiteController->renderFile()
#1 /Users/redflag/Sites/orius/yii/framework/web/CController.php(782): SiteController->renderPartial()
#2 /Users/redflag/Sites/orius/pcs/protected/controllers/SiteController.php(39): SiteController->render()
#3 /Users/redflag/Sites/orius/yii/framework/web/actions/CInlineAction.php(49): SiteController->actionIndex()
#4 /Users/redflag/Sites/orius/yii/framework/web/CController.php(308): CInlineAction->runWithParams()
#5 /Users/redflag/Sites/orius/yii/framework/web/CController.php(286): SiteController->runAction()
#6 /Users/redflag/Sites/orius/yii/framework/web/CController.php(265): SiteController->runActionWithFilters()
#7 /Users/redflag/Sites/orius/yii/framework/web/CWebApplication.php(282): SiteController->run()
#8 /Users/redflag/Sites/orius/yii/framework/web/CWebApplication.php(141): CWebApplication->runController()
#9 /Users/redflag/Sites/orius/yii/framework/base/CApplication.php(180): CWebApplication->processRequest()
#10 /Users/redflag/Sites/orius/pcs/index.php(13): CWebApplication->run()
REQUEST_URI=/orius/pcs/
in /Users/redflag/Sites/orius/pcs/themes/bootstrap-orius/views/site/index.php (63)
in /Users/redflag/Sites/orius/pcs/protected/controllers/SiteController.php (39)
in /Users/redflag/Sites/orius/pcs/index.php (13)
2013/10/12 15:59:58 [error] [php] Trying to get property of non-object (/Users/redflag/Sites/orius/pcs/themes/bootstrap-orius/views/site/index.php:63)
Stack trace:
#0 /Users/redflag/Sites/orius/yii/framework/web/CController.php(869): SiteController->renderFile()
#1 /Users/redflag/Sites/orius/yii/framework/web/CController.php(782): SiteController->renderPartial()
#2 /Users/redflag/Sites/orius/pcs/protected/controllers/SiteController.php(39): SiteController->render()
#3 /Users/redflag/Sites/orius/yii/framework/web/actions/CInlineAction.php(49): SiteController->actionIndex()
#4 /Users/redflag/Sites/orius/yii/framework/web/CController.php(308): CInlineAction->runWithParams()
#5 /Users/redflag/Sites/orius/yii/framework/web/CController.php(286): SiteController->runAction()
#6 /Users/redflag/Sites/orius/yii/framework/web/CController.php(265): SiteController->runActionWithFilters()
#7 /Users/redflag/Sites/orius/yii/framework/web/CWebApplication.php(282): SiteController->run()
#8 /Users/redflag/Sites/orius/yii/framework/web/CWebApplication.php(141): CWebApplication->runController()
#9 /Users/redflag/Sites/orius/yii/framework/base/CApplication.php(180): CWebApplication->processRequest()
#10 /Users/redflag/Sites/orius/pcs/index.php(13): CWebApplication->run()
REQUEST_URI=/orius/pcs/
in /Users/redflag/Sites/orius/pcs/themes/bootstrap-orius/views/site/index.php (63)
in /Users/redflag/Sites/orius/pcs/protected/controllers/SiteController.php (39)
in /Users/redflag/Sites/orius/pcs/index.php (13)
2013/10/12 15:59:59 [error] [php] Trying to get property of non-object (/Users/redflag/Sites/orius/pcs/themes/bootstrap-orius/views/site/index.php:63)
Stack trace:
#0 /Users/redflag/Sites/orius/yii/framework/web/CController.php(869): SiteController->renderFile()
#1 /Users/redflag/Sites/orius/yii/framework/web/CController.php(782): SiteController->renderPartial()
#2 /Users/redflag/Sites/orius/pcs/protected/controllers/SiteController.php(39): SiteController->render()
#3 /Users/redflag/Sites/orius/yii/framework/web/actions/CInlineAction.php(49): SiteController->actionIndex()
#4 /Users/redflag/Sites/orius/yii/framework/web/CController.php(308): CInlineAction->runWithParams()
#5 /Users/redflag/Sites/orius/yii/framework/web/CController.php(286): SiteController->runAction()
#6 /Users/redflag/Sites/orius/yii/framework/web/CController.php(265): SiteController->runActionWithFilters()
#7 /Users/redflag/Sites/orius/yii/framework/web/CWebApplication.php(282): SiteController->run()
#8 /Users/redflag/Sites/orius/yii/framework/web/CWebApplication.php(141): CWebApplication->runController()
#9 /Users/redflag/Sites/orius/yii/framework/base/CApplication.php(180): CWebApplication->processRequest()
#10 /Users/redflag/Sites/orius/pcs/index.php(13): CWebApplication->run()
REQUEST_URI=/orius/pcs/
in /Users/redflag/Sites/orius/pcs/themes/bootstrap-orius/views/site/index.php (63)
in /Users/redflag/Sites/orius/pcs/protected/controllers/SiteController.php (39)
in /Users/redflag/Sites/orius/pcs/index.php (13)
2013/10/12 15:59:59 [error] [php] Trying to get property of non-object (/Users/redflag/Sites/orius/pcs/themes/bootstrap-orius/views/site/index.php:63)
Stack trace:
#0 /Users/redflag/Sites/orius/yii/framework/web/CController.php(869): SiteController->renderFile()
#1 /Users/redflag/Sites/orius/yii/framework/web/CController.php(782): SiteController->renderPartial()
#2 /Users/redflag/Sites/orius/pcs/protected/controllers/SiteController.php(39): SiteController->render()
#3 /Users/redflag/Sites/orius/yii/framework/web/actions/CInlineAction.php(49): SiteController->actionIndex()
#4 /Users/redflag/Sites/orius/yii/framework/web/CController.php(308): CInlineAction->runWithParams()
#5 /Users/redflag/Sites/orius/yii/framework/web/CController.php(286): SiteController->runAction()
#6 /Users/redflag/Sites/orius/yii/framework/web/CController.php(265): SiteController->runActionWithFilters()
#7 /Users/redflag/Sites/orius/yii/framework/web/CWebApplication.php(282): SiteController->run()
#8 /Users/redflag/Sites/orius/yii/framework/web/CWebApplication.php(141): CWebApplication->runController()
#9 /Users/redflag/Sites/orius/yii/framework/base/CApplication.php(180): CWebApplication->processRequest()
#10 /Users/redflag/Sites/orius/pcs/index.php(13): CWebApplication->run()
REQUEST_URI=/orius/pcs/
in /Users/redflag/Sites/orius/pcs/themes/bootstrap-orius/views/site/index.php (63)
in /Users/redflag/Sites/orius/pcs/protected/controllers/SiteController.php (39)
in /Users/redflag/Sites/orius/pcs/index.php (13)
2013/10/12 15:59:59 [error] [php] Trying to get property of non-object (/Users/redflag/Sites/orius/pcs/themes/bootstrap-orius/views/site/index.php:63)
Stack trace:
#0 /Users/redflag/Sites/orius/yii/framework/web/CController.php(869): SiteController->renderFile()
#1 /Users/redflag/Sites/orius/yii/framework/web/CController.php(782): SiteController->renderPartial()
#2 /Users/redflag/Sites/orius/pcs/protected/controllers/SiteController.php(39): SiteController->render()
#3 /Users/redflag/Sites/orius/yii/framework/web/actions/CInlineAction.php(49): SiteController->actionIndex()
#4 /Users/redflag/Sites/orius/yii/framework/web/CController.php(308): CInlineAction->runWithParams()
#5 /Users/redflag/Sites/orius/yii/framework/web/CController.php(286): SiteController->runAction()
#6 /Users/redflag/Sites/orius/yii/framework/web/CController.php(265): SiteController->runActionWithFilters()
#7 /Users/redflag/Sites/orius/yii/framework/web/CWebApplication.php(282): SiteController->run()
#8 /Users/redflag/Sites/orius/yii/framework/web/CWebApplication.php(141): CWebApplication->runController()
#9 /Users/redflag/Sites/orius/yii/framework/base/CApplication.php(180): CWebApplication->processRequest()
#10 /Users/redflag/Sites/orius/pcs/index.php(13): CWebApplication->run()
REQUEST_URI=/orius/pcs/
in /Users/redflag/Sites/orius/pcs/themes/bootstrap-orius/views/site/index.php (63)
in /Users/redflag/Sites/orius/pcs/protected/controllers/SiteController.php (39)
in /Users/redflag/Sites/orius/pcs/index.php (13)
2013/10/12 15:59:59 [error] [php] Trying to get property of non-object (/Users/redflag/Sites/orius/pcs/themes/bootstrap-orius/views/site/index.php:63)
Stack trace:
#0 /Users/redflag/Sites/orius/yii/framework/web/CController.php(869): SiteController->renderFile()
#1 /Users/redflag/Sites/orius/yii/framework/web/CController.php(782): SiteController->renderPartial()
#2 /Users/redflag/Sites/orius/pcs/protected/controllers/SiteController.php(39): SiteController->render()
#3 /Users/redflag/Sites/orius/yii/framework/web/actions/CInlineAction.php(49): SiteController->actionIndex()
#4 /Users/redflag/Sites/orius/yii/framework/web/CController.php(308): CInlineAction->runWithParams()
#5 /Users/redflag/Sites/orius/yii/framework/web/CController.php(286): SiteController->runAction()
#6 /Users/redflag/Sites/orius/yii/framework/web/CController.php(265): SiteController->runActionWithFilters()
#7 /Users/redflag/Sites/orius/yii/framework/web/CWebApplication.php(282): SiteController->run()
#8 /Users/redflag/Sites/orius/yii/framework/web/CWebApplication.php(141): CWebApplication->runController()
#9 /Users/redflag/Sites/orius/yii/framework/base/CApplication.php(180): CWebApplication->processRequest()
#10 /Users/redflag/Sites/orius/pcs/index.php(13): CWebApplication->run()
REQUEST_URI=/orius/pcs/
in /Users/redflag/Sites/orius/pcs/themes/bootstrap-orius/views/site/index.php (63)
in /Users/redflag/Sites/orius/pcs/protected/controllers/SiteController.php (39)
in /Users/redflag/Sites/orius/pcs/index.php (13)
2013/10/12 16:00:32 [error] [php] Trying to get property of non-object (/Users/redflag/Sites/orius/pcs/themes/bootstrap-orius/views/site/index.php:63)
Stack trace:
#0 /Users/redflag/Sites/orius/yii/framework/web/CController.php(869): SiteController->renderFile()
#1 /Users/redflag/Sites/orius/yii/framework/web/CController.php(782): SiteController->renderPartial()
#2 /Users/redflag/Sites/orius/pcs/protected/controllers/SiteController.php(39): SiteController->render()
#3 /Users/redflag/Sites/orius/yii/framework/web/actions/CInlineAction.php(49): SiteController->actionIndex()
#4 /Users/redflag/Sites/orius/yii/framework/web/CController.php(308): CInlineAction->runWithParams()
#5 /Users/redflag/Sites/orius/yii/framework/web/CController.php(286): SiteController->runAction()
#6 /Users/redflag/Sites/orius/yii/framework/web/CController.php(265): SiteController->runActionWithFilters()
#7 /Users/redflag/Sites/orius/yii/framework/web/CWebApplication.php(282): SiteController->run()
#8 /Users/redflag/Sites/orius/yii/framework/web/CWebApplication.php(141): CWebApplication->runController()
#9 /Users/redflag/Sites/orius/yii/framework/base/CApplication.php(180): CWebApplication->processRequest()
#10 /Users/redflag/Sites/orius/pcs/index.php(13): CWebApplication->run()
REQUEST_URI=/orius/pcs/
in /Users/redflag/Sites/orius/pcs/themes/bootstrap-orius/views/site/index.php (63)
in /Users/redflag/Sites/orius/pcs/protected/controllers/SiteController.php (39)
in /Users/redflag/Sites/orius/pcs/index.php (13)
2013/10/12 16:00:33 [error] [php] Trying to get property of non-object (/Users/redflag/Sites/orius/pcs/themes/bootstrap-orius/views/site/index.php:63)
Stack trace:
#0 /Users/redflag/Sites/orius/yii/framework/web/CController.php(869): SiteController->renderFile()
#1 /Users/redflag/Sites/orius/yii/framework/web/CController.php(782): SiteController->renderPartial()
#2 /Users/redflag/Sites/orius/pcs/protected/controllers/SiteController.php(39): SiteController->render()
#3 /Users/redflag/Sites/orius/yii/framework/web/actions/CInlineAction.php(49): SiteController->actionIndex()
#4 /Users/redflag/Sites/orius/yii/framework/web/CController.php(308): CInlineAction->runWithParams()
#5 /Users/redflag/Sites/orius/yii/framework/web/CController.php(286): SiteController->runAction()
#6 /Users/redflag/Sites/orius/yii/framework/web/CController.php(265): SiteController->runActionWithFilters()
#7 /Users/redflag/Sites/orius/yii/framework/web/CWebApplication.php(282): SiteController->run()
#8 /Users/redflag/Sites/orius/yii/framework/web/CWebApplication.php(141): CWebApplication->runController()
#9 /Users/redflag/Sites/orius/yii/framework/base/CApplication.php(180): CWebApplication->processRequest()
#10 /Users/redflag/Sites/orius/pcs/index.php(13): CWebApplication->run()
REQUEST_URI=/orius/pcs/
in /Users/redflag/Sites/orius/pcs/themes/bootstrap-orius/views/site/index.php (63)
in /Users/redflag/Sites/orius/pcs/protected/controllers/SiteController.php (39)
in /Users/redflag/Sites/orius/pcs/index.php (13)
2013/10/12 16:00:34 [error] [php] Trying to get property of non-object (/Users/redflag/Sites/orius/pcs/themes/bootstrap-orius/views/site/index.php:63)
Stack trace:
#0 /Users/redflag/Sites/orius/yii/framework/web/CController.php(869): SiteController->renderFile()
#1 /Users/redflag/Sites/orius/yii/framework/web/CController.php(782): SiteController->renderPartial()
#2 /Users/redflag/Sites/orius/pcs/protected/controllers/SiteController.php(39): SiteController->render()
#3 /Users/redflag/Sites/orius/yii/framework/web/actions/CInlineAction.php(49): SiteController->actionIndex()
#4 /Users/redflag/Sites/orius/yii/framework/web/CController.php(308): CInlineAction->runWithParams()
#5 /Users/redflag/Sites/orius/yii/framework/web/CController.php(286): SiteController->runAction()
#6 /Users/redflag/Sites/orius/yii/framework/web/CController.php(265): SiteController->runActionWithFilters()
#7 /Users/redflag/Sites/orius/yii/framework/web/CWebApplication.php(282): SiteController->run()
#8 /Users/redflag/Sites/orius/yii/framework/web/CWebApplication.php(141): CWebApplication->runController()
#9 /Users/redflag/Sites/orius/yii/framework/base/CApplication.php(180): CWebApplication->processRequest()
#10 /Users/redflag/Sites/orius/pcs/index.php(13): CWebApplication->run()
REQUEST_URI=/orius/pcs/
in /Users/redflag/Sites/orius/pcs/themes/bootstrap-orius/views/site/index.php (63)
in /Users/redflag/Sites/orius/pcs/protected/controllers/SiteController.php (39)
in /Users/redflag/Sites/orius/pcs/index.php (13)
2013/10/12 16:00:34 [error] [php] Trying to get property of non-object (/Users/redflag/Sites/orius/pcs/themes/bootstrap-orius/views/site/index.php:63)
Stack trace:
#0 /Users/redflag/Sites/orius/yii/framework/web/CController.php(869): SiteController->renderFile()
#1 /Users/redflag/Sites/orius/yii/framework/web/CController.php(782): SiteController->renderPartial()
#2 /Users/redflag/Sites/orius/pcs/protected/controllers/SiteController.php(39): SiteController->render()
#3 /Users/redflag/Sites/orius/yii/framework/web/actions/CInlineAction.php(49): SiteController->actionIndex()
#4 /Users/redflag/Sites/orius/yii/framework/web/CController.php(308): CInlineAction->runWithParams()
#5 /Users/redflag/Sites/orius/yii/framework/web/CController.php(286): SiteController->runAction()
#6 /Users/redflag/Sites/orius/yii/framework/web/CController.php(265): SiteController->runActionWithFilters()
#7 /Users/redflag/Sites/orius/yii/framework/web/CWebApplication.php(282): SiteController->run()
#8 /Users/redflag/Sites/orius/yii/framework/web/CWebApplication.php(141): CWebApplication->runController()
#9 /Users/redflag/Sites/orius/yii/framework/base/CApplication.php(180): CWebApplication->processRequest()
#10 /Users/redflag/Sites/orius/pcs/index.php(13): CWebApplication->run()
REQUEST_URI=/orius/pcs/
in /Users/redflag/Sites/orius/pcs/themes/bootstrap-orius/views/site/index.php (63)
in /Users/redflag/Sites/orius/pcs/protected/controllers/SiteController.php (39)
in /Users/redflag/Sites/orius/pcs/index.php (13)
2013/10/12 16:00:34 [error] [php] Trying to get property of non-object (/Users/redflag/Sites/orius/pcs/themes/bootstrap-orius/views/site/index.php:63)
Stack trace:
#0 /Users/redflag/Sites/orius/yii/framework/web/CController.php(869): SiteController->renderFile()
#1 /Users/redflag/Sites/orius/yii/framework/web/CController.php(782): SiteController->renderPartial()
#2 /Users/redflag/Sites/orius/pcs/protected/controllers/SiteController.php(39): SiteController->render()
#3 /Users/redflag/Sites/orius/yii/framework/web/actions/CInlineAction.php(49): SiteController->actionIndex()
#4 /Users/redflag/Sites/orius/yii/framework/web/CController.php(308): CInlineAction->runWithParams()
#5 /Users/redflag/Sites/orius/yii/framework/web/CController.php(286): SiteController->runAction()
#6 /Users/redflag/Sites/orius/yii/framework/web/CController.php(265): SiteController->runActionWithFilters()
#7 /Users/redflag/Sites/orius/yii/framework/web/CWebApplication.php(282): SiteController->run()
#8 /Users/redflag/Sites/orius/yii/framework/web/CWebApplication.php(141): CWebApplication->runController()
#9 /Users/redflag/Sites/orius/yii/framework/base/CApplication.php(180): CWebApplication->processRequest()
#10 /Users/redflag/Sites/orius/pcs/index.php(13): CWebApplication->run()
REQUEST_URI=/orius/pcs/
in /Users/redflag/Sites/orius/pcs/themes/bootstrap-orius/views/site/index.php (63)
in /Users/redflag/Sites/orius/pcs/protected/controllers/SiteController.php (39)
in /Users/redflag/Sites/orius/pcs/index.php (13)
2013/10/12 16:01:08 [error] [php] Trying to get property of non-object (/Users/redflag/Sites/orius/pcs/themes/bootstrap-orius/views/site/index.php:63)
Stack trace:
#0 /Users/redflag/Sites/orius/yii/framework/web/CController.php(869): SiteController->renderFile()
#1 /Users/redflag/Sites/orius/yii/framework/web/CController.php(782): SiteController->renderPartial()
#2 /Users/redflag/Sites/orius/pcs/protected/controllers/SiteController.php(39): SiteController->render()
#3 /Users/redflag/Sites/orius/yii/framework/web/actions/CInlineAction.php(49): SiteController->actionIndex()
#4 /Users/redflag/Sites/orius/yii/framework/web/CController.php(308): CInlineAction->runWithParams()
#5 /Users/redflag/Sites/orius/yii/framework/web/CController.php(286): SiteController->runAction()
#6 /Users/redflag/Sites/orius/yii/framework/web/CController.php(265): SiteController->runActionWithFilters()
#7 /Users/redflag/Sites/orius/yii/framework/web/CWebApplication.php(282): SiteController->run()
#8 /Users/redflag/Sites/orius/yii/framework/web/CWebApplication.php(141): CWebApplication->runController()
#9 /Users/redflag/Sites/orius/yii/framework/base/CApplication.php(180): CWebApplication->processRequest()
#10 /Users/redflag/Sites/orius/pcs/index.php(13): CWebApplication->run()
REQUEST_URI=/orius/pcs/
in /Users/redflag/Sites/orius/pcs/themes/bootstrap-orius/views/site/index.php (63)
in /Users/redflag/Sites/orius/pcs/protected/controllers/SiteController.php (39)
in /Users/redflag/Sites/orius/pcs/index.php (13)
2013/10/12 16:01:09 [error] [php] Trying to get property of non-object (/Users/redflag/Sites/orius/pcs/themes/bootstrap-orius/views/site/index.php:63)
Stack trace:
#0 /Users/redflag/Sites/orius/yii/framework/web/CController.php(869): SiteController->renderFile()
#1 /Users/redflag/Sites/orius/yii/framework/web/CController.php(782): SiteController->renderPartial()
#2 /Users/redflag/Sites/orius/pcs/protected/controllers/SiteController.php(39): SiteController->render()
#3 /Users/redflag/Sites/orius/yii/framework/web/actions/CInlineAction.php(49): SiteController->actionIndex()
#4 /Users/redflag/Sites/orius/yii/framework/web/CController.php(308): CInlineAction->runWithParams()
#5 /Users/redflag/Sites/orius/yii/framework/web/CController.php(286): SiteController->runAction()
#6 /Users/redflag/Sites/orius/yii/framework/web/CController.php(265): SiteController->runActionWithFilters()
#7 /Users/redflag/Sites/orius/yii/framework/web/CWebApplication.php(282): SiteController->run()
#8 /Users/redflag/Sites/orius/yii/framework/web/CWebApplication.php(141): CWebApplication->runController()
#9 /Users/redflag/Sites/orius/yii/framework/base/CApplication.php(180): CWebApplication->processRequest()
#10 /Users/redflag/Sites/orius/pcs/index.php(13): CWebApplication->run()
REQUEST_URI=/orius/pcs/
in /Users/redflag/Sites/orius/pcs/themes/bootstrap-orius/views/site/index.php (63)
in /Users/redflag/Sites/orius/pcs/protected/controllers/SiteController.php (39)
in /Users/redflag/Sites/orius/pcs/index.php (13)
2013/10/12 16:01:10 [error] [php] Trying to get property of non-object (/Users/redflag/Sites/orius/pcs/themes/bootstrap-orius/views/site/index.php:63)
Stack trace:
#0 /Users/redflag/Sites/orius/yii/framework/web/CController.php(869): SiteController->renderFile()
#1 /Users/redflag/Sites/orius/yii/framework/web/CController.php(782): SiteController->renderPartial()
#2 /Users/redflag/Sites/orius/pcs/protected/controllers/SiteController.php(39): SiteController->render()
#3 /Users/redflag/Sites/orius/yii/framework/web/actions/CInlineAction.php(49): SiteController->actionIndex()
#4 /Users/redflag/Sites/orius/yii/framework/web/CController.php(308): CInlineAction->runWithParams()
#5 /Users/redflag/Sites/orius/yii/framework/web/CController.php(286): SiteController->runAction()
#6 /Users/redflag/Sites/orius/yii/framework/web/CController.php(265): SiteController->runActionWithFilters()
#7 /Users/redflag/Sites/orius/yii/framework/web/CWebApplication.php(282): SiteController->run()
#8 /Users/redflag/Sites/orius/yii/framework/web/CWebApplication.php(141): CWebApplication->runController()
#9 /Users/redflag/Sites/orius/yii/framework/base/CApplication.php(180): CWebApplication->processRequest()
#10 /Users/redflag/Sites/orius/pcs/index.php(13): CWebApplication->run()
REQUEST_URI=/orius/pcs/
in /Users/redflag/Sites/orius/pcs/themes/bootstrap-orius/views/site/index.php (63)
in /Users/redflag/Sites/orius/pcs/protected/controllers/SiteController.php (39)
in /Users/redflag/Sites/orius/pcs/index.php (13)
2013/10/12 16:01:10 [error] [php] Trying to get property of non-object (/Users/redflag/Sites/orius/pcs/themes/bootstrap-orius/views/site/index.php:63)
Stack trace:
#0 /Users/redflag/Sites/orius/yii/framework/web/CController.php(869): SiteController->renderFile()
#1 /Users/redflag/Sites/orius/yii/framework/web/CController.php(782): SiteController->renderPartial()
#2 /Users/redflag/Sites/orius/pcs/protected/controllers/SiteController.php(39): SiteController->render()
#3 /Users/redflag/Sites/orius/yii/framework/web/actions/CInlineAction.php(49): SiteController->actionIndex()
#4 /Users/redflag/Sites/orius/yii/framework/web/CController.php(308): CInlineAction->runWithParams()
#5 /Users/redflag/Sites/orius/yii/framework/web/CController.php(286): SiteController->runAction()
#6 /Users/redflag/Sites/orius/yii/framework/web/CController.php(265): SiteController->runActionWithFilters()
#7 /Users/redflag/Sites/orius/yii/framework/web/CWebApplication.php(282): SiteController->run()
#8 /Users/redflag/Sites/orius/yii/framework/web/CWebApplication.php(141): CWebApplication->runController()
#9 /Users/redflag/Sites/orius/yii/framework/base/CApplication.php(180): CWebApplication->processRequest()
#10 /Users/redflag/Sites/orius/pcs/index.php(13): CWebApplication->run()
REQUEST_URI=/orius/pcs/
in /Users/redflag/Sites/orius/pcs/themes/bootstrap-orius/views/site/index.php (63)
in /Users/redflag/Sites/orius/pcs/protected/controllers/SiteController.php (39)
in /Users/redflag/Sites/orius/pcs/index.php (13)
2013/10/12 16:01:10 [error] [php] Trying to get property of non-object (/Users/redflag/Sites/orius/pcs/themes/bootstrap-orius/views/site/index.php:63)
Stack trace:
#0 /Users/redflag/Sites/orius/yii/framework/web/CController.php(869): SiteController->renderFile()
#1 /Users/redflag/Sites/orius/yii/framework/web/CController.php(782): SiteController->renderPartial()
#2 /Users/redflag/Sites/orius/pcs/protected/controllers/SiteController.php(39): SiteController->render()
#3 /Users/redflag/Sites/orius/yii/framework/web/actions/CInlineAction.php(49): SiteController->actionIndex()
#4 /Users/redflag/Sites/orius/yii/framework/web/CController.php(308): CInlineAction->runWithParams()
#5 /Users/redflag/Sites/orius/yii/framework/web/CController.php(286): SiteController->runAction()
#6 /Users/redflag/Sites/orius/yii/framework/web/CController.php(265): SiteController->runActionWithFilters()
#7 /Users/redflag/Sites/orius/yii/framework/web/CWebApplication.php(282): SiteController->run()
#8 /Users/redflag/Sites/orius/yii/framework/web/CWebApplication.php(141): CWebApplication->runController()
#9 /Users/redflag/Sites/orius/yii/framework/base/CApplication.php(180): CWebApplication->processRequest()
#10 /Users/redflag/Sites/orius/pcs/index.php(13): CWebApplication->run()
REQUEST_URI=/orius/pcs/
in /Users/redflag/Sites/orius/pcs/themes/bootstrap-orius/views/site/index.php (63)
in /Users/redflag/Sites/orius/pcs/protected/controllers/SiteController.php (39)
in /Users/redflag/Sites/orius/pcs/index.php (13)
2013/10/12 16:02:13 [error] [php] include(JSON.php): failed to open stream: No such file or directory (/Users/redflag/Sites/orius/yii/framework/YiiBase.php:427)
Stack trace:
#0 /Users/redflag/Sites/orius/pcs/themes/bootstrap-orius/views/site/index.php(51): spl_autoload_call()
#1 /Users/redflag/Sites/orius/yii/framework/web/CBaseController.php(126): require()
#2 /Users/redflag/Sites/orius/yii/framework/web/CBaseController.php(95): SiteController->renderInternal()
#3 /Users/redflag/Sites/orius/yii/framework/web/CController.php(869): SiteController->renderFile()
#4 /Users/redflag/Sites/orius/yii/framework/web/CController.php(782): SiteController->renderPartial()
#5 /Users/redflag/Sites/orius/pcs/protected/controllers/SiteController.php(39): SiteController->render()
#6 /Users/redflag/Sites/orius/yii/framework/web/actions/CInlineAction.php(49): SiteController->actionIndex()
#7 /Users/redflag/Sites/orius/yii/framework/web/CController.php(308): CInlineAction->runWithParams()
#8 /Users/redflag/Sites/orius/yii/framework/web/CController.php(286): SiteController->runAction()
#9 /Users/redflag/Sites/orius/yii/framework/web/CController.php(265): SiteController->runActionWithFilters()
#10 /Users/redflag/Sites/orius/yii/framework/web/CWebApplication.php(282): SiteController->run()
#11 /Users/redflag/Sites/orius/yii/framework/web/CWebApplication.php(141): CWebApplication->runController()
#12 /Users/redflag/Sites/orius/yii/framework/base/CApplication.php(180): CWebApplication->processRequest()
#13 /Users/redflag/Sites/orius/pcs/index.php(13): CWebApplication->run()
REQUEST_URI=/orius/pcs/
in /Users/redflag/Sites/orius/pcs/themes/bootstrap-orius/views/site/index.php (51)
in /Users/redflag/Sites/orius/pcs/protected/controllers/SiteController.php (39)
in /Users/redflag/Sites/orius/pcs/index.php (13)
2013/10/12 16:02:14 [error] [php] include(JSON.php): failed to open stream: No such file or directory (/Users/redflag/Sites/orius/yii/framework/YiiBase.php:427)
Stack trace:
#0 /Users/redflag/Sites/orius/pcs/themes/bootstrap-orius/views/site/index.php(51): spl_autoload_call()
#1 /Users/redflag/Sites/orius/yii/framework/web/CBaseController.php(126): require()
#2 /Users/redflag/Sites/orius/yii/framework/web/CBaseController.php(95): SiteController->renderInternal()
#3 /Users/redflag/Sites/orius/yii/framework/web/CController.php(869): SiteController->renderFile()
#4 /Users/redflag/Sites/orius/yii/framework/web/CController.php(782): SiteController->renderPartial()
#5 /Users/redflag/Sites/orius/pcs/protected/controllers/SiteController.php(39): SiteController->render()
#6 /Users/redflag/Sites/orius/yii/framework/web/actions/CInlineAction.php(49): SiteController->actionIndex()
#7 /Users/redflag/Sites/orius/yii/framework/web/CController.php(308): CInlineAction->runWithParams()
#8 /Users/redflag/Sites/orius/yii/framework/web/CController.php(286): SiteController->runAction()
#9 /Users/redflag/Sites/orius/yii/framework/web/CController.php(265): SiteController->runActionWithFilters()
#10 /Users/redflag/Sites/orius/yii/framework/web/CWebApplication.php(282): SiteController->run()
#11 /Users/redflag/Sites/orius/yii/framework/web/CWebApplication.php(141): CWebApplication->runController()
#12 /Users/redflag/Sites/orius/yii/framework/base/CApplication.php(180): CWebApplication->processRequest()
#13 /Users/redflag/Sites/orius/pcs/index.php(13): CWebApplication->run()
REQUEST_URI=/orius/pcs/
in /Users/redflag/Sites/orius/pcs/themes/bootstrap-orius/views/site/index.php (51)
in /Users/redflag/Sites/orius/pcs/protected/controllers/SiteController.php (39)
in /Users/redflag/Sites/orius/pcs/index.php (13)
2013/10/12 16:27:50 [error] [php] include(JSON.php): failed to open stream: No such file or directory (/Users/redflag/Sites/orius/yii/framework/YiiBase.php:427)
Stack trace:
#0 /Users/redflag/Sites/orius/pcs/themes/bootstrap-orius/views/site/index.php(51): spl_autoload_call()
#1 /Users/redflag/Sites/orius/yii/framework/web/CBaseController.php(126): require()
#2 /Users/redflag/Sites/orius/yii/framework/web/CBaseController.php(95): SiteController->renderInternal()
#3 /Users/redflag/Sites/orius/yii/framework/web/CController.php(869): SiteController->renderFile()
#4 /Users/redflag/Sites/orius/yii/framework/web/CController.php(782): SiteController->renderPartial()
#5 /Users/redflag/Sites/orius/pcs/protected/controllers/SiteController.php(39): SiteController->render()
#6 /Users/redflag/Sites/orius/yii/framework/web/actions/CInlineAction.php(49): SiteController->actionIndex()
#7 /Users/redflag/Sites/orius/yii/framework/web/CController.php(308): CInlineAction->runWithParams()
#8 /Users/redflag/Sites/orius/yii/framework/web/CController.php(286): SiteController->runAction()
#9 /Users/redflag/Sites/orius/yii/framework/web/CController.php(265): SiteController->runActionWithFilters()
#10 /Users/redflag/Sites/orius/yii/framework/web/CWebApplication.php(282): SiteController->run()
#11 /Users/redflag/Sites/orius/yii/framework/web/CWebApplication.php(141): CWebApplication->runController()
#12 /Users/redflag/Sites/orius/yii/framework/base/CApplication.php(180): CWebApplication->processRequest()
#13 /Users/redflag/Sites/orius/pcs/index.php(13): CWebApplication->run()
REQUEST_URI=/orius/pcs/
in /Users/redflag/Sites/orius/pcs/themes/bootstrap-orius/views/site/index.php (51)
in /Users/redflag/Sites/orius/pcs/protected/controllers/SiteController.php (39)
in /Users/redflag/Sites/orius/pcs/index.php (13)
2013/10/12 19:23:04 [error] [exception.CException] exception 'CException' with message 'La propiedad "Cultivos"."cultivo_nombre" no se encuentra definida.' in /Users/redflag/Sites/orius/yii/framework/base/CComponent.php:130
Stack trace:
#0 /Users/redflag/Sites/orius/yii/framework/db/ar/CActiveRecord.php(145): CComponent->__get('cultivo_nombre')
#1 /Users/redflag/Sites/orius/pcs/themes/bootstrap-orius/views/site/index.php(58): CActiveRecord->__get('cultivo_nombre')
#2 /Users/redflag/Sites/orius/yii/framework/web/CBaseController.php(126): require('/Users/redflag/...')
#3 /Users/redflag/Sites/orius/yii/framework/web/CBaseController.php(95): CBaseController->renderInternal('/Users/redflag/...', Array, true)
#4 /Users/redflag/Sites/orius/yii/framework/web/CController.php(869): CBaseController->renderFile('/Users/redflag/...', Array, true)
#5 /Users/redflag/Sites/orius/yii/framework/web/CController.php(782): CController->renderPartial('index', Array, true)
#6 /Users/redflag/Sites/orius/pcs/protected/controllers/SiteController.php(39): CController->render('index', Array)
#7 /Users/redflag/Sites/orius/yii/framework/web/actions/CInlineAction.php(49): SiteController->actionIndex()
#8 /Users/redflag/Sites/orius/yii/framework/web/CController.php(308): CInlineAction->runWithParams(Array)
#9 /Users/redflag/Sites/orius/yii/framework/web/CController.php(286): CController->runAction(Object(CInlineAction))
#10 /Users/redflag/Sites/orius/yii/framework/web/CController.php(265): CController->runActionWithFilters(Object(CInlineAction), Array)
#11 /Users/redflag/Sites/orius/yii/framework/web/CWebApplication.php(282): CController->run('')
#12 /Users/redflag/Sites/orius/yii/framework/web/CWebApplication.php(141): CWebApplication->runController('')
#13 /Users/redflag/Sites/orius/yii/framework/base/CApplication.php(180): CWebApplication->processRequest()
#14 /Users/redflag/Sites/orius/pcs/index.php(13): CApplication->run()
#15 {main}
REQUEST_URI=/orius/pcs/
---
2013/10/12 20:59:18 [error] [exception.CException] exception 'CException' with message 'La propiedad "Problemas"."pro_syc" no se encuentra definida.' in /Users/redflag/Sites/orius/yii/framework/base/CComponent.php:130
Stack trace:
#0 /Users/redflag/Sites/orius/yii/framework/db/ar/CActiveRecord.php(145): CComponent->__get('pro_syc')
#1 /Users/redflag/Sites/orius/pcs/themes/bootstrap-orius/views/site/index.php(89): CActiveRecord->__get('pro_syc')
#2 /Users/redflag/Sites/orius/yii/framework/web/CBaseController.php(126): require('/Users/redflag/...')
#3 /Users/redflag/Sites/orius/yii/framework/web/CBaseController.php(95): CBaseController->renderInternal('/Users/redflag/...', Array, true)
#4 /Users/redflag/Sites/orius/yii/framework/web/CController.php(869): CBaseController->renderFile('/Users/redflag/...', Array, true)
#5 /Users/redflag/Sites/orius/yii/framework/web/CController.php(782): CController->renderPartial('index', Array, true)
#6 /Users/redflag/Sites/orius/pcs/protected/controllers/SiteController.php(39): CController->render('index', Array)
#7 /Users/redflag/Sites/orius/yii/framework/web/actions/CInlineAction.php(49): SiteController->actionIndex()
#8 /Users/redflag/Sites/orius/yii/framework/web/CController.php(308): CInlineAction->runWithParams(Array)
#9 /Users/redflag/Sites/orius/yii/framework/web/CController.php(286): CController->runAction(Object(CInlineAction))
#10 /Users/redflag/Sites/orius/yii/framework/web/CController.php(265): CController->runActionWithFilters(Object(CInlineAction), Array)
#11 /Users/redflag/Sites/orius/yii/framework/web/CWebApplication.php(282): CController->run('')
#12 /Users/redflag/Sites/orius/yii/framework/web/CWebApplication.php(141): CWebApplication->runController('')
#13 /Users/redflag/Sites/orius/yii/framework/base/CApplication.php(180): CWebApplication->processRequest()
#14 /Users/redflag/Sites/orius/pcs/index.php(13): CApplication->run()
#15 {main}
REQUEST_URI=/orius/pcs/
HTTP_REFERER=http://localhost/orius/pcs/
---
2013/10/13 12:48:10 [error] [system.db.CDbCommand] CDbCommand::fetchAll() falló: SQLSTATE[42000]: Syntax error or access violation: 1064 You have an error in your SQL syntax; check the manual that corresponds to your MySQL server version for the right syntax to use near 'ORDER BY pro_cultivo_id ASC' at line 1. La sentencia SQL ejecutada fue: SELECT * FROM `problemas` `t` WHERE ORDER BY pro_cultivo_id ASC.
in /Users/redflag/Sites/orius/pcs/protected/controllers/SiteController.php (32)
in /Users/redflag/Sites/orius/pcs/index.php (13)
2013/10/13 12:48:10 [error] [exception.CDbException] exception 'CDbException' with message 'CDbCommand falló al ejecutar la sentencia SQL: SQLSTATE[42000]: Syntax error or access violation: 1064 You have an error in your SQL syntax; check the manual that corresponds to your MySQL server version for the right syntax to use near 'ORDER BY pro_cultivo_id ASC' at line 1. The SQL statement executed was: SELECT * FROM `problemas` `t` WHERE ORDER BY pro_cultivo_id ASC' in /Users/redflag/Sites/orius/yii/framework/db/CDbCommand.php:543
Stack trace:
#0 /Users/redflag/Sites/orius/yii/framework/db/CDbCommand.php(396): CDbCommand->queryInternal('fetchAll', Array, Array)
#1 /Users/redflag/Sites/orius/yii/framework/db/ar/CActiveRecord.php(1351): CDbCommand->queryAll()
#2 /Users/redflag/Sites/orius/yii/framework/db/ar/CActiveRecord.php(1470): CActiveRecord->query(Object(CDbCriteria), true)
#3 /Users/redflag/Sites/orius/pcs/protected/controllers/SiteController.php(32): CActiveRecord->findAll('ORDER BY pro_cu...')
#4 /Users/redflag/Sites/orius/yii/framework/web/actions/CInlineAction.php(49): SiteController->actionIndex()
#5 /Users/redflag/Sites/orius/yii/framework/web/CController.php(308): CInlineAction->runWithParams(Array)
#6 /Users/redflag/Sites/orius/yii/framework/web/CController.php(286): CController->runAction(Object(CInlineAction))
#7 /Users/redflag/Sites/orius/yii/framework/web/CController.php(265): CController->runActionWithFilters(Object(CInlineAction), Array)
#8 /Users/redflag/Sites/orius/yii/framework/web/CWebApplication.php(282): CController->run('')
#9 /Users/redflag/Sites/orius/yii/framework/web/CWebApplication.php(141): CWebApplication->runController('')
#10 /Users/redflag/Sites/orius/yii/framework/base/CApplication.php(180): CWebApplication->processRequest()
#11 /Users/redflag/Sites/orius/pcs/index.php(13): CApplication->run()
#12 {main}
REQUEST_URI=/orius/pcs/
HTTP_REFERER=http://localhost/orius/pcs/
---
2013/10/13 12:48:44 [error] [system.db.CDbCommand] CDbCommand::fetchAll() falló: SQLSTATE[42000]: Syntax error or access violation: 1064 You have an error in your SQL syntax; check the manual that corresponds to your MySQL server version for the right syntax to use near 'ORDER BY t.pro_cultivo_id ASC' at line 1. La sentencia SQL ejecutada fue: SELECT * FROM `problemas` `t` WHERE ORDER BY t.pro_cultivo_id ASC.
in /Users/redflag/Sites/orius/pcs/protected/controllers/SiteController.php (32)
in /Users/redflag/Sites/orius/pcs/index.php (13)
2013/10/13 12:48:44 [error] [exception.CDbException] exception 'CDbException' with message 'CDbCommand falló al ejecutar la sentencia SQL: SQLSTATE[42000]: Syntax error or access violation: 1064 You have an error in your SQL syntax; check the manual that corresponds to your MySQL server version for the right syntax to use near 'ORDER BY t.pro_cultivo_id ASC' at line 1. The SQL statement executed was: SELECT * FROM `problemas` `t` WHERE ORDER BY t.pro_cultivo_id ASC' in /Users/redflag/Sites/orius/yii/framework/db/CDbCommand.php:543
Stack trace:
#0 /Users/redflag/Sites/orius/yii/framework/db/CDbCommand.php(396): CDbCommand->queryInternal('fetchAll', Array, Array)
#1 /Users/redflag/Sites/orius/yii/framework/db/ar/CActiveRecord.php(1351): CDbCommand->queryAll()
#2 /Users/redflag/Sites/orius/yii/framework/db/ar/CActiveRecord.php(1470): CActiveRecord->query(Object(CDbCriteria), true)
#3 /Users/redflag/Sites/orius/pcs/protected/controllers/SiteController.php(32): CActiveRecord->findAll('ORDER BY t.pro_...')
#4 /Users/redflag/Sites/orius/yii/framework/web/actions/CInlineAction.php(49): SiteController->actionIndex()
#5 /Users/redflag/Sites/orius/yii/framework/web/CController.php(308): CInlineAction->runWithParams(Array)
#6 /Users/redflag/Sites/orius/yii/framework/web/CController.php(286): CController->runAction(Object(CInlineAction))
#7 /Users/redflag/Sites/orius/yii/framework/web/CController.php(265): CController->runActionWithFilters(Object(CInlineAction), Array)
#8 /Users/redflag/Sites/orius/yii/framework/web/CWebApplication.php(282): CController->run('')
#9 /Users/redflag/Sites/orius/yii/framework/web/CWebApplication.php(141): CWebApplication->runController('')
#10 /Users/redflag/Sites/orius/yii/framework/base/CApplication.php(180): CWebApplication->processRequest()
#11 /Users/redflag/Sites/orius/pcs/index.php(13): CApplication->run()
#12 {main}
REQUEST_URI=/orius/pcs/
HTTP_REFERER=http://localhost/orius/pcs/
---
2013/10/13 12:48:46 [error] [system.db.CDbCommand] CDbCommand::fetchAll() falló: SQLSTATE[42000]: Syntax error or access violation: 1064 You have an error in your SQL syntax; check the manual that corresponds to your MySQL server version for the right syntax to use near 'ORDER BY t.pro_cultivo_id ASC' at line 1. La sentencia SQL ejecutada fue: SELECT * FROM `problemas` `t` WHERE ORDER BY t.pro_cultivo_id ASC.
in /Users/redflag/Sites/orius/pcs/protected/controllers/SiteController.php (32)
in /Users/redflag/Sites/orius/pcs/index.php (13)
2013/10/13 12:48:46 [error] [exception.CDbException] exception 'CDbException' with message 'CDbCommand falló al ejecutar la sentencia SQL: SQLSTATE[42000]: Syntax error or access violation: 1064 You have an error in your SQL syntax; check the manual that corresponds to your MySQL server version for the right syntax to use near 'ORDER BY t.pro_cultivo_id ASC' at line 1. The SQL statement executed was: SELECT * FROM `problemas` `t` WHERE ORDER BY t.pro_cultivo_id ASC' in /Users/redflag/Sites/orius/yii/framework/db/CDbCommand.php:543
Stack trace:
#0 /Users/redflag/Sites/orius/yii/framework/db/CDbCommand.php(396): CDbCommand->queryInternal('fetchAll', Array, Array)
#1 /Users/redflag/Sites/orius/yii/framework/db/ar/CActiveRecord.php(1351): CDbCommand->queryAll()
#2 /Users/redflag/Sites/orius/yii/framework/db/ar/CActiveRecord.php(1470): CActiveRecord->query(Object(CDbCriteria), true)
#3 /Users/redflag/Sites/orius/pcs/protected/controllers/SiteController.php(32): CActiveRecord->findAll('ORDER BY t.pro_...')
#4 /Users/redflag/Sites/orius/yii/framework/web/actions/CInlineAction.php(49): SiteController->actionIndex()
#5 /Users/redflag/Sites/orius/yii/framework/web/CController.php(308): CInlineAction->runWithParams(Array)
#6 /Users/redflag/Sites/orius/yii/framework/web/CController.php(286): CController->runAction(Object(CInlineAction))
#7 /Users/redflag/Sites/orius/yii/framework/web/CController.php(265): CController->runActionWithFilters(Object(CInlineAction), Array)
#8 /Users/redflag/Sites/orius/yii/framework/web/CWebApplication.php(282): CController->run('')
#9 /Users/redflag/Sites/orius/yii/framework/web/CWebApplication.php(141): CWebApplication->runController('')
#10 /Users/redflag/Sites/orius/yii/framework/base/CApplication.php(180): CWebApplication->processRequest()
#11 /Users/redflag/Sites/orius/pcs/index.php(13): CApplication->run()
#12 {main}
REQUEST_URI=/orius/pcs/
HTTP_REFERER=http://localhost/orius/pcs/
---
2013/10/13 12:49:08 [error] [system.db.CDbCommand] CDbCommand::fetchAll() falló: SQLSTATE[42000]: Syntax error or access violation: 1064 You have an error in your SQL syntax; check the manual that corresponds to your MySQL server version for the right syntax to use near 'ORDER BY pro_cultivo_id ASC' at line 1. La sentencia SQL ejecutada fue: SELECT * FROM `problemas` `t` WHERE ORDER BY pro_cultivo_id ASC.
in /Users/redflag/Sites/orius/pcs/protected/controllers/SiteController.php (32)
in /Users/redflag/Sites/orius/pcs/index.php (13)
2013/10/13 12:49:08 [error] [exception.CDbException] exception 'CDbException' with message 'CDbCommand falló al ejecutar la sentencia SQL: SQLSTATE[42000]: Syntax error or access violation: 1064 You have an error in your SQL syntax; check the manual that corresponds to your MySQL server version for the right syntax to use near 'ORDER BY pro_cultivo_id ASC' at line 1. The SQL statement executed was: SELECT * FROM `problemas` `t` WHERE ORDER BY pro_cultivo_id ASC' in /Users/redflag/Sites/orius/yii/framework/db/CDbCommand.php:543
Stack trace:
#0 /Users/redflag/Sites/orius/yii/framework/db/CDbCommand.php(396): CDbCommand->queryInternal('fetchAll', Array, Array)
#1 /Users/redflag/Sites/orius/yii/framework/db/ar/CActiveRecord.php(1351): CDbCommand->queryAll()
#2 /Users/redflag/Sites/orius/yii/framework/db/ar/CActiveRecord.php(1470): CActiveRecord->query(Object(CDbCriteria), true)
#3 /Users/redflag/Sites/orius/pcs/protected/controllers/SiteController.php(32): CActiveRecord->findAll('ORDER BY pro_cu...')
#4 /Users/redflag/Sites/orius/yii/framework/web/actions/CInlineAction.php(49): SiteController->actionIndex()
#5 /Users/redflag/Sites/orius/yii/framework/web/CController.php(308): CInlineAction->runWithParams(Array)
#6 /Users/redflag/Sites/orius/yii/framework/web/CController.php(286): CController->runAction(Object(CInlineAction))
#7 /Users/redflag/Sites/orius/yii/framework/web/CController.php(265): CController->runActionWithFilters(Object(CInlineAction), Array)
#8 /Users/redflag/Sites/orius/yii/framework/web/CWebApplication.php(282): CController->run('')
#9 /Users/redflag/Sites/orius/yii/framework/web/CWebApplication.php(141): CWebApplication->runController('')
#10 /Users/redflag/Sites/orius/yii/framework/base/CApplication.php(180): CWebApplication->processRequest()
#11 /Users/redflag/Sites/orius/pcs/index.php(13): CApplication->run()
#12 {main}
REQUEST_URI=/orius/pcs/
HTTP_REFERER=http://localhost/orius/pcs/
---
2013/10/13 18:51:12 [error] [system.db.CDbCommand] CDbCommand::fetchAll() falló: SQLSTATE[42000]: Syntax error or access violation: 1064 You have an error in your SQL syntax; check the manual that corresponds to your MySQL server version for the right syntax to use near 'ORDER BY pro_cultivo_id ASC' at line 1. La sentencia SQL ejecutada fue: SELECT * FROM `problemas` `t` WHERE ORDER BY pro_cultivo_id ASC.
in /Users/redflag/Sites/orius/pcs/protected/controllers/SiteController.php (32)
in /Users/redflag/Sites/orius/pcs/index.php (13)
2013/10/13 18:51:12 [error] [exception.CDbException] exception 'CDbException' with message 'CDbCommand falló al ejecutar la sentencia SQL: SQLSTATE[42000]: Syntax error or access violation: 1064 You have an error in your SQL syntax; check the manual that corresponds to your MySQL server version for the right syntax to use near 'ORDER BY pro_cultivo_id ASC' at line 1. The SQL statement executed was: SELECT * FROM `problemas` `t` WHERE ORDER BY pro_cultivo_id ASC' in /Users/redflag/Sites/orius/yii/framework/db/CDbCommand.php:543
Stack trace:
#0 /Users/redflag/Sites/orius/yii/framework/db/CDbCommand.php(396): CDbCommand->queryInternal('fetchAll', Array, Array)
#1 /Users/redflag/Sites/orius/yii/framework/db/ar/CActiveRecord.php(1351): CDbCommand->queryAll()
#2 /Users/redflag/Sites/orius/yii/framework/db/ar/CActiveRecord.php(1470): CActiveRecord->query(Object(CDbCriteria), true)
#3 /Users/redflag/Sites/orius/pcs/protected/controllers/SiteController.php(32): CActiveRecord->findAll('ORDER BY pro_cu...')
#4 /Users/redflag/Sites/orius/yii/framework/web/actions/CInlineAction.php(49): SiteController->actionIndex()
#5 /Users/redflag/Sites/orius/yii/framework/web/CController.php(308): CInlineAction->runWithParams(Array)
#6 /Users/redflag/Sites/orius/yii/framework/web/CController.php(286): CController->runAction(Object(CInlineAction))
#7 /Users/redflag/Sites/orius/yii/framework/web/CController.php(265): CController->runActionWithFilters(Object(CInlineAction), Array)
#8 /Users/redflag/Sites/orius/yii/framework/web/CWebApplication.php(282): CController->run('')
#9 /Users/redflag/Sites/orius/yii/framework/web/CWebApplication.php(141): CWebApplication->runController('')
#10 /Users/redflag/Sites/orius/yii/framework/base/CApplication.php(180): CWebApplication->processRequest()
#11 /Users/redflag/Sites/orius/pcs/index.php(13): CApplication->run()
#12 {main}
REQUEST_URI=/orius/pcs/
---
2013/10/13 20:20:49 [error] [system.db.CDbCommand] CDbCommand::fetchAll() falló: SQLSTATE[42000]: Syntax error or access violation: 1064 You have an error in your SQL syntax; check the manual that corresponds to your MySQL server version for the right syntax to use near 'ORDER BY pro_cultivo_id ASC' at line 1. La sentencia SQL ejecutada fue: SELECT * FROM `problemas` `t` WHERE ORDER BY pro_cultivo_id ASC.
in /Users/redflag/Sites/orius/pcs/protected/controllers/SiteController.php (32)
in /Users/redflag/Sites/orius/pcs/index.php (13)
2013/10/13 20:20:50 [error] [exception.CDbException] exception 'CDbException' with message 'CDbCommand falló al ejecutar la sentencia SQL: SQLSTATE[42000]: Syntax error or access violation: 1064 You have an error in your SQL syntax; check the manual that corresponds to your MySQL server version for the right syntax to use near 'ORDER BY pro_cultivo_id ASC' at line 1. The SQL statement executed was: SELECT * FROM `problemas` `t` WHERE ORDER BY pro_cultivo_id ASC' in /Users/redflag/Sites/orius/yii/framework/db/CDbCommand.php:543
Stack trace:
#0 /Users/redflag/Sites/orius/yii/framework/db/CDbCommand.php(396): CDbCommand->queryInternal('fetchAll', Array, Array)
#1 /Users/redflag/Sites/orius/yii/framework/db/ar/CActiveRecord.php(1351): CDbCommand->queryAll()
#2 /Users/redflag/Sites/orius/yii/framework/db/ar/CActiveRecord.php(1470): CActiveRecord->query(Object(CDbCriteria), true)
#3 /Users/redflag/Sites/orius/pcs/protected/controllers/SiteController.php(32): CActiveRecord->findAll('ORDER BY pro_cu...')
#4 /Users/redflag/Sites/orius/yii/framework/web/actions/CInlineAction.php(49): SiteController->actionIndex()
#5 /Users/redflag/Sites/orius/yii/framework/web/CController.php(308): CInlineAction->runWithParams(Array)
#6 /Users/redflag/Sites/orius/yii/framework/web/CController.php(286): CController->runAction(Object(CInlineAction))
#7 /Users/redflag/Sites/orius/yii/framework/web/CController.php(265): CController->runActionWithFilters(Object(CInlineAction), Array)
#8 /Users/redflag/Sites/orius/yii/framework/web/CWebApplication.php(282): CController->run('')
#9 /Users/redflag/Sites/orius/yii/framework/web/CWebApplication.php(141): CWebApplication->runController('')
#10 /Users/redflag/Sites/orius/yii/framework/base/CApplication.php(180): CWebApplication->processRequest()
#11 /Users/redflag/Sites/orius/pcs/index.php(13): CApplication->run()
#12 {main}
REQUEST_URI=/orius/pcs/
HTTP_REFERER=http://localhost/orius/pcs/
---
2013/10/14 15:59:20 [error] [exception.CHttpException.404] exception 'CHttpException' with message 'El sistema no ha podido encontrar la acción "index?tipo=1" solicitada.' in /Users/redflag/Sites/orius/yii/framework/web/CController.php:483
Stack trace:
#0 /Users/redflag/Sites/orius/yii/framework/web/CController.php(270): CController->missingAction('index?tipo=1')
#1 /Users/redflag/Sites/orius/yii/framework/web/CWebApplication.php(282): CController->run('index?tipo=1')
#2 /Users/redflag/Sites/orius/yii/framework/web/CWebApplication.php(141): CWebApplication->runController('site/index?tipo...')
#3 /Users/redflag/Sites/orius/yii/framework/base/CApplication.php(180): CWebApplication->processRequest()
#4 /Users/redflag/Sites/orius/pcs/index.php(13): CApplication->run()
#5 {main}
REQUEST_URI=/orius/pcs/index.php?r=site/index?tipo=1
---
2013/10/14 15:59:35 [error] [php] include(CDbCtiteria.php): failed to open stream: No such file or directory (/Users/redflag/Sites/orius/yii/framework/YiiBase.php:427)
Stack trace:
#0 /Users/redflag/Sites/orius/pcs/protected/controllers/SiteController.php(35): spl_autoload_call()
#1 /Users/redflag/Sites/orius/yii/framework/web/actions/CInlineAction.php(49): SiteController->actionIndex()
#2 /Users/redflag/Sites/orius/yii/framework/web/CController.php(308): CInlineAction->runWithParams()
#3 /Users/redflag/Sites/orius/yii/framework/web/CController.php(286): SiteController->runAction()
#4 /Users/redflag/Sites/orius/yii/framework/web/CController.php(265): SiteController->runActionWithFilters()
#5 /Users/redflag/Sites/orius/yii/framework/web/CWebApplication.php(282): SiteController->run()
#6 /Users/redflag/Sites/orius/yii/framework/web/CWebApplication.php(141): CWebApplication->runController()
#7 /Users/redflag/Sites/orius/yii/framework/base/CApplication.php(180): CWebApplication->processRequest()
#8 /Users/redflag/Sites/orius/pcs/index.php(13): CWebApplication->run()
REQUEST_URI=/orius/pcs/index.php?r=site/index&tipo=1
in /Users/redflag/Sites/orius/pcs/protected/controllers/SiteController.php (35)
in /Users/redflag/Sites/orius/pcs/index.php (13)
2013/10/14 16:00:11 [error] [exception.CException] exception 'CException' with message 'La propiedad "CDbCriteria"."where" no se encuentra definida.' in /Users/redflag/Sites/orius/yii/framework/base/CComponent.php:173
Stack trace:
#0 /Users/redflag/Sites/orius/pcs/protected/controllers/SiteController.php(36): CComponent->__set('where', 'pro_cultivo_id ...')
#1 /Users/redflag/Sites/orius/yii/framework/web/actions/CInlineAction.php(49): SiteController->actionIndex()
#2 /Users/redflag/Sites/orius/yii/framework/web/CController.php(308): CInlineAction->runWithParams(Array)
#3 /Users/redflag/Sites/orius/yii/framework/web/CController.php(286): CController->runAction(Object(CInlineAction))
#4 /Users/redflag/Sites/orius/yii/framework/web/CController.php(265): CController->runActionWithFilters(Object(CInlineAction), Array)
#5 /Users/redflag/Sites/orius/yii/framework/web/CWebApplication.php(282): CController->run('index')
#6 /Users/redflag/Sites/orius/yii/framework/web/CWebApplication.php(141): CWebApplication->runController('site/index')
#7 /Users/redflag/Sites/orius/yii/framework/base/CApplication.php(180): CWebApplication->processRequest()
#8 /Users/redflag/Sites/orius/pcs/index.php(13): CApplication->run()
#9 {main}
REQUEST_URI=/orius/pcs/index.php?r=site/index&tipo=1
---
2013/10/14 16:00:40 [error] [exception.CException] exception 'CException' with message 'CDbCriteria y sus behaviors no tienen un método o closure llamado "condition".' in /Users/redflag/Sites/orius/yii/framework/base/CComponent.php:266
Stack trace:
#0 /Users/redflag/Sites/orius/pcs/protected/controllers/SiteController.php(36): CComponent->__call('condition', Array)
#1 /Users/redflag/Sites/orius/pcs/protected/controllers/SiteController.php(36): CDbCriteria->condition('pro_cultivo_id', '1')
#2 /Users/redflag/Sites/orius/yii/framework/web/actions/CInlineAction.php(49): SiteController->actionIndex()
#3 /Users/redflag/Sites/orius/yii/framework/web/CController.php(308): CInlineAction->runWithParams(Array)
#4 /Users/redflag/Sites/orius/yii/framework/web/CController.php(286): CController->runAction(Object(CInlineAction))
#5 /Users/redflag/Sites/orius/yii/framework/web/CController.php(265): CController->runActionWithFilters(Object(CInlineAction), Array)
#6 /Users/redflag/Sites/orius/yii/framework/web/CWebApplication.php(282): CController->run('index')
#7 /Users/redflag/Sites/orius/yii/framework/web/CWebApplication.php(141): CWebApplication->runController('site/index')
#8 /Users/redflag/Sites/orius/yii/framework/base/CApplication.php(180): CWebApplication->processRequest()
#9 /Users/redflag/Sites/orius/pcs/index.php(13): CApplication->run()
#10 {main}
REQUEST_URI=/orius/pcs/index.php?r=site/index&tipo=1
---
2013/10/14 16:11:44 [error] [exception.CHttpException.404] exception 'CHttpException' with message 'No es posible resolver la solicitud "index.php?r=site/index"' in /Users/redflag/Sites/orius/yii/framework/web/CWebApplication.php:286
Stack trace:
#0 /Users/redflag/Sites/orius/yii/framework/web/CWebApplication.php(141): CWebApplication->runController('index.php?r=sit...')
#1 /Users/redflag/Sites/orius/yii/framework/base/CApplication.php(180): CWebApplication->processRequest()
#2 /Users/redflag/Sites/orius/pcs/index.php(13): CApplication->run()
#3 {main}
REQUEST_URI=/orius/pcs/index.php?r=index.php?r=site/index&tipo=1
HTTP_REFERER=http://localhost/orius/pcs/index.php?r=site/index&tipo=3
---
2013/10/14 16:12:28 [error] [exception.CHttpException.404] exception 'CHttpException' with message 'No es posible resolver la solicitud "index.php?r=site/index"' in /Users/redflag/Sites/orius/yii/framework/web/CWebApplication.php:286
Stack trace:
#0 /Users/redflag/Sites/orius/yii/framework/web/CWebApplication.php(141): CWebApplication->runController('index.php?r=sit...')
#1 /Users/redflag/Sites/orius/yii/framework/base/CApplication.php(180): CWebApplication->processRequest()
#2 /Users/redflag/Sites/orius/pcs/index.php(13): CApplication->run()
#3 {main}
REQUEST_URI=/orius/pcs/index.php?r=index.php?r=site/index&tipo=1
HTTP_REFERER=http://localhost/orius/pcs/index.php?r=site/index&tipo=3
---
